2019-02-23 21:31:02.724  INFO 9792 --- [main] com.study.SrToolApplication              : Starting SrToolApplication on DESKTOP-9D33VGI with PID 9792 (D:\GIT-Project\SR_Tool\target\classes started by Manish in D:\GIT-Project\SR_Tool)
2019-02-23 21:31:02.724  INFO 9792 --- [main] com.study.SrToolApplication              : No active profile set, falling back to default profiles: default
2019-02-23 21:31:03.624  INFO 9792 --- [main] .s.d.r.c.RepositoryConfigurationDelegate : Bootstrapping Spring Data repositories in DEFAULT mode.
2019-02-23 21:31:03.655  INFO 9792 --- [main] .s.d.r.c.RepositoryConfigurationDelegate : Finished Spring Data repository scanning in 15ms. Found 0 repository interfaces.
2019-02-23 21:31:04.078  INFO 9792 --- [main] trationDelegate$BeanPostProcessorChecker : Bean 'org.springframework.transaction.annotation.ProxyTransactionManagementConfiguration' of type [org.springframework.transaction.annotation.ProxyTransactionManagementConfiguration$$EnhancerBySpringCGLIB$$1f34dc9f] is not eligible for getting processed by all BeanPostProcessors (for example: not eligible for auto-proxying)
2019-02-23 21:31:04.169  INFO 9792 --- [main] trationDelegate$BeanPostProcessorChecker : Bean 'org.springframework.hateoas.config.HateoasConfiguration' of type [org.springframework.hateoas.config.HateoasConfiguration$$EnhancerBySpringCGLIB$$9eb529d1] is not eligible for getting processed by all BeanPostProcessors (for example: not eligible for auto-proxying)
2019-02-23 21:31:04.702  INFO 9792 --- [main] o.s.b.w.embedded.tomcat.TomcatWebServer  : Tomcat initialized with port(s): 8080 (http)
2019-02-23 21:31:04.780  INFO 9792 --- [main] o.apache.catalina.core.StandardService   : Starting service [Tomcat]
2019-02-23 21:31:04.795  INFO 9792 --- [main] org.apache.catalina.core.StandardEngine  : Starting Servlet engine: [Apache Tomcat/9.0.16]
2019-02-23 21:31:04.811  INFO 9792 --- [main] o.a.catalina.core.AprLifecycleListener   : The APR based Apache Tomcat Native library which allows optimal performance in production environments was not found on the java.library.path: [C:\Program Files\Java\jdk1.8.0_181\bin;C:\WINDOWS\Sun\Java\bin;C:\WINDOWS\system32;C:\WINDOWS;C:/Program Files/Java/jre1.8.0_181/bin/server;C:/Program Files/Java/jre1.8.0_181/bin;C:/Program Files/Java/jre1.8.0_181/lib/amd64;C:\Program Files (x86)\Common Files\Oracle\Java\javapath;C:\WINDOWS\system32;C:\WINDOWS;C:\WINDOWS\System32\Wbem;C:\WINDOWS\System32\WindowsPowerShell\v1.0\;C:\Program Files\Java\jdk1.8.0_181\bin;C:\Program Files (x86)\MySQL\MySQL Utilities 1.6\;C:\Program Files\Git\cmd;C:\WINDOWS\System32\OpenSSH\;C:\Program Files (x86)\Common Files\Oracle\Java\javapath;C:\WINDOWS\system32;C:\WINDOWS;C:\WINDOWS\System32\Wbem;C:\WINDOWS\System32\WindowsPowerShell\v1.0\;C:\Program Files\Java\jdk1.8.0_181\bin;C:\Users\Kumar\AppData\Local\Microsoft\WindowsApps;;D:\Software\sts-bundle\sts-3.9.5.RELEASE;;.]
2019-02-23 21:31:05.002  INFO 9792 --- [main] o.a.c.c.C.[Tomcat].[localhost].[/]       : Initializing Spring embedded WebApplicationContext
2019-02-23 21:31:05.002  INFO 9792 --- [main] o.s.web.context.ContextLoader            : Root WebApplicationContext: initialization completed in 2231 ms
2019-02-23 21:31:05.282  INFO 9792 --- [main] com.zaxxer.hikari.HikariDataSource       : HikariPool-1 - Starting...
2019-02-23 21:31:05.288  WARN 9792 --- [main] com.zaxxer.hikari.util.DriverDataSource  : Registered driver with driverClassName=com.mysql.jdbc.Driver was not found, trying direct instantiation.
2019-02-23 21:31:05.608  INFO 9792 --- [main] com.zaxxer.hikari.HikariDataSource       : HikariPool-1 - Start completed.
2019-02-23 21:31:05.655  INFO 9792 --- [main] o.hibernate.jpa.internal.util.LogHelper  : HHH000204: Processing PersistenceUnitInfo [
	name: default
	...]
2019-02-23 21:31:05.874  INFO 9792 --- [main] org.hibernate.Version                    : HHH000412: Hibernate Core {5.3.7.Final}
2019-02-23 21:31:05.874  INFO 9792 --- [main] org.hibernate.cfg.Environment            : HHH000206: hibernate.properties not found
2019-02-23 21:31:06.061  INFO 9792 --- [main] o.hibernate.annotations.common.Version   : HCANN000001: Hibernate Commons Annotations {5.0.4.Final}
2019-02-23 21:31:06.202  INFO 9792 --- [main] org.hibernate.dialect.Dialect            : HHH000400: Using dialect: org.hibernate.dialect.MySQL5InnoDBDialect
2019-02-23 21:31:06.920  INFO 9792 --- [main] j.LocalContainerEntityManagerFactoryBean : Initialized JPA EntityManagerFactory for persistence unit 'default'
2019-02-23 21:31:07.640  INFO 9792 --- [main] o.s.s.concurrent.ThreadPoolTaskExecutor  : Initializing ExecutorService 'applicationTaskExecutor'
2019-02-23 21:31:07.687  WARN 9792 --- [main] aWebConfiguration$JpaWebMvcConfiguration : spring.jpa.open-in-view is enabled by default. Therefore, database queries may be performed during view rendering. Explicitly configure spring.jpa.open-in-view to disable this warning
2019-02-23 21:31:08.155  INFO 9792 --- [main] o.s.b.w.embedded.tomcat.TomcatWebServer  : Tomcat started on port(s): 8080 (http) with context path ''
2019-02-23 21:31:08.161  INFO 9792 --- [main] com.study.SrToolApplication              : Started SrToolApplication in 5.833 seconds (JVM running for 7.256)
2019-02-23 21:31:41.422  INFO 9792 --- [RMI TCP Connection(2)-127.0.0.1] inMXBeanRegistrar$SpringApplicationAdmin : Application shutdown requested.
2019-02-23 21:31:41.436  INFO 9792 --- [RMI TCP Connection(2)-127.0.0.1] o.s.s.concurrent.ThreadPoolTaskExecutor  : Shutting down ExecutorService 'applicationTaskExecutor'
2019-02-23 21:31:41.436  INFO 9792 --- [RMI TCP Connection(2)-127.0.0.1] j.LocalContainerEntityManagerFactoryBean : Closing JPA EntityManagerFactory for persistence unit 'default'
2019-02-23 21:31:41.451  INFO 9792 --- [RMI TCP Connection(2)-127.0.0.1] com.zaxxer.hikari.HikariDataSource       : HikariPool-1 - Shutdown initiated...
2019-02-23 21:31:41.451  INFO 9792 --- [RMI TCP Connection(2)-127.0.0.1] com.zaxxer.hikari.HikariDataSource       : HikariPool-1 - Shutdown completed.
2019-02-23 21:44:25.861  INFO 336 --- [main] com.study.SrToolApplication              : Starting SrToolApplication on DESKTOP-9D33VGI with PID 336 (D:\GIT-Project\SR_Tool\target\classes started by Manish in D:\GIT-Project\SR_Tool)
2019-02-23 21:44:25.879  INFO 336 --- [main] com.study.SrToolApplication              : No active profile set, falling back to default profiles: default
2019-02-23 21:44:26.907  INFO 336 --- [main] .s.d.r.c.RepositoryConfigurationDelegate : Bootstrapping Spring Data repositories in DEFAULT mode.
2019-02-23 21:44:26.928  INFO 336 --- [main] .s.d.r.c.RepositoryConfigurationDelegate : Finished Spring Data repository scanning in 16ms. Found 0 repository interfaces.
2019-02-23 21:44:27.405  INFO 336 --- [main] trationDelegate$BeanPostProcessorChecker : Bean 'org.springframework.transaction.annotation.ProxyTransactionManagementConfiguration' of type [org.springframework.transaction.annotation.ProxyTransactionManagementConfiguration$$EnhancerBySpringCGLIB$$bc98a303] is not eligible for getting processed by all BeanPostProcessors (for example: not eligible for auto-proxying)
2019-02-23 21:44:27.421  INFO 336 --- [main] trationDelegate$BeanPostProcessorChecker : Bean 'org.springframework.hateoas.config.HateoasConfiguration' of type [org.springframework.hateoas.config.HateoasConfiguration$$EnhancerBySpringCGLIB$$3c18f035] is not eligible for getting processed by all BeanPostProcessors (for example: not eligible for auto-proxying)
2019-02-23 21:44:27.811  INFO 336 --- [main] o.s.b.w.embedded.tomcat.TomcatWebServer  : Tomcat initialized with port(s): 8080 (http)
2019-02-23 21:44:27.843  INFO 336 --- [main] o.apache.catalina.core.StandardService   : Starting service [Tomcat]
2019-02-23 21:44:27.843  INFO 336 --- [main] org.apache.catalina.core.StandardEngine  : Starting Servlet engine: [Apache Tomcat/9.0.16]
2019-02-23 21:44:27.843  INFO 336 --- [main] o.a.catalina.core.AprLifecycleListener   : The APR based Apache Tomcat Native library which allows optimal performance in production environments was not found on the java.library.path: [C:\Program Files\Java\jdk1.8.0_181\bin;C:\WINDOWS\Sun\Java\bin;C:\WINDOWS\system32;C:\WINDOWS;C:/Program Files/Java/jre1.8.0_181/bin/server;C:/Program Files/Java/jre1.8.0_181/bin;C:/Program Files/Java/jre1.8.0_181/lib/amd64;C:\Program Files (x86)\Common Files\Oracle\Java\javapath;C:\WINDOWS\system32;C:\WINDOWS;C:\WINDOWS\System32\Wbem;C:\WINDOWS\System32\WindowsPowerShell\v1.0\;C:\Program Files\Java\jdk1.8.0_181\bin;C:\Program Files (x86)\MySQL\MySQL Utilities 1.6\;C:\Program Files\Git\cmd;C:\WINDOWS\System32\OpenSSH\;C:\Program Files (x86)\Common Files\Oracle\Java\javapath;C:\WINDOWS\system32;C:\WINDOWS;C:\WINDOWS\System32\Wbem;C:\WINDOWS\System32\WindowsPowerShell\v1.0\;C:\Program Files\Java\jdk1.8.0_181\bin;C:\Users\Kumar\AppData\Local\Microsoft\WindowsApps;;D:\Software\sts-bundle\sts-3.9.5.RELEASE;;.]
2019-02-23 21:44:28.499  INFO 336 --- [main] o.a.c.c.C.[Tomcat].[localhost].[/]       : Initializing Spring embedded WebApplicationContext
2019-02-23 21:44:28.511  INFO 336 --- [main] o.s.web.context.ContextLoader            : Root WebApplicationContext: initialization completed in 2590 ms
2019-02-23 21:44:28.764  INFO 336 --- [main] com.zaxxer.hikari.HikariDataSource       : HikariPool-1 - Starting...
2019-02-23 21:44:28.779  WARN 336 --- [main] com.zaxxer.hikari.util.DriverDataSource  : Registered driver with driverClassName=com.mysql.jdbc.Driver was not found, trying direct instantiation.
2019-02-23 21:44:28.922  INFO 336 --- [main] com.zaxxer.hikari.HikariDataSource       : HikariPool-1 - Start completed.
2019-02-23 21:44:28.985  INFO 336 --- [main] o.hibernate.jpa.internal.util.LogHelper  : HHH000204: Processing PersistenceUnitInfo [
	name: default
	...]
2019-02-23 21:44:29.188  INFO 336 --- [main] org.hibernate.Version                    : HHH000412: Hibernate Core {5.3.7.Final}
2019-02-23 21:44:29.188  INFO 336 --- [main] org.hibernate.cfg.Environment            : HHH000206: hibernate.properties not found
2019-02-23 21:44:29.328  INFO 336 --- [main] o.hibernate.annotations.common.Version   : HCANN000001: Hibernate Commons Annotations {5.0.4.Final}
2019-02-23 21:44:29.453  INFO 336 --- [main] org.hibernate.dialect.Dialect            : HHH000400: Using dialect: org.hibernate.dialect.MySQL5InnoDBDialect
2019-02-23 21:44:30.030  INFO 336 --- [main] j.LocalContainerEntityManagerFactoryBean : Initialized JPA EntityManagerFactory for persistence unit 'default'
2019-02-23 21:44:30.749  INFO 336 --- [main] o.s.s.concurrent.ThreadPoolTaskExecutor  : Initializing ExecutorService 'applicationTaskExecutor'
2019-02-23 21:44:30.796  WARN 336 --- [main] aWebConfiguration$JpaWebMvcConfiguration : spring.jpa.open-in-view is enabled by default. Therefore, database queries may be performed during view rendering. Explicitly configure spring.jpa.open-in-view to disable this warning
2019-02-23 21:44:31.234  INFO 336 --- [main] o.s.b.w.embedded.tomcat.TomcatWebServer  : Tomcat started on port(s): 8080 (http) with context path ''
2019-02-23 21:44:31.241  INFO 336 --- [main] com.study.SrToolApplication              : Started SrToolApplication in 5.805 seconds (JVM running for 6.575)
2019-02-23 21:44:53.546  INFO 336 --- [http-nio-8080-exec-1] o.a.c.c.C.[Tomcat].[localhost].[/]       : Initializing Spring DispatcherServlet 'dispatcherServlet'
2019-02-23 21:44:53.546  INFO 336 --- [http-nio-8080-exec-1] o.s.web.servlet.DispatcherServlet        : Initializing Servlet 'dispatcherServlet'
2019-02-23 21:44:53.573  INFO 336 --- [http-nio-8080-exec-1] o.s.web.servlet.DispatcherServlet        : Completed initialization in 18 ms
2019-02-23 21:45:51.859  INFO 336 --- [RMI TCP Connection(2)-127.0.0.1] inMXBeanRegistrar$SpringApplicationAdmin : Application shutdown requested.
2019-02-23 21:45:51.875  INFO 336 --- [RMI TCP Connection(2)-127.0.0.1] o.s.s.concurrent.ThreadPoolTaskExecutor  : Shutting down ExecutorService 'applicationTaskExecutor'
2019-02-23 21:45:51.875  INFO 336 --- [RMI TCP Connection(2)-127.0.0.1] j.LocalContainerEntityManagerFactoryBean : Closing JPA EntityManagerFactory for persistence unit 'default'
2019-02-23 21:45:51.875  INFO 336 --- [RMI TCP Connection(2)-127.0.0.1] com.zaxxer.hikari.HikariDataSource       : HikariPool-1 - Shutdown initiated...
2019-02-23 21:45:51.875  INFO 336 --- [RMI TCP Connection(2)-127.0.0.1] com.zaxxer.hikari.HikariDataSource       : HikariPool-1 - Shutdown completed.
